<?xml version="1.0" encoding="UTF-8"?>
<testsuite xmlns:xsi="http://www.w3.org/2001/XMLSchema-instance"
	xsi:noNamespaceSchemaLocation="https://maven.apache.org/surefire/maven-surefire-plugin/xsd/surefire-test-report-3.0.xsd"
	version="3.0" name="com.tripillar.filehandling.FileHandlingProject.AppTest"
	time="0.036" tests="1" errors="0" skipped="0" failures="0">
	<properties>
		<property name="java.specification.version" value="22" />
		<property name="sun.cpu.isalist" value="amd64" />
		<property name="sun.jnu.encoding" value="Cp1252" />
		<property name="java.class.path"
			value="C:\Users\Rahul\eclipse-workspace\FileHandlingProject\target\test-classes;C:\Users\Rahul\eclipse-workspace\FileHandlingProject\target\classes;C:\Users\Rahul\.m2\repository\junit\junit\3.8.1\junit-3.8.1.jar;C:\Users\Rahul\.m2\repository\org\apache\poi\poi\5.2.3\poi-5.2.3.jar;C:\Users\Rahul\.m2\repository\commons-codec\commons-codec\1.15\commons-codec-1.15.jar;C:\Users\Rahul\.m2\repository\org\apache\commons\commons-collections4\4.4\commons-collections4-4.4.jar;C:\Users\Rahul\.m2\repository\org\apache\commons\commons-math3\3.6.1\commons-math3-3.6.1.jar;C:\Users\Rahul\.m2\repository\commons-io\commons-io\2.11.0\commons-io-2.11.0.jar;C:\Users\Rahul\.m2\repository\com\zaxxer\SparseBitSet\1.2\SparseBitSet-1.2.jar;C:\Users\Rahul\.m2\repository\org\apache\logging\log4j\log4j-api\2.18.0\log4j-api-2.18.0.jar;C:\Users\Rahul\.m2\repository\org\apache\poi\poi-ooxml\5.2.3\poi-ooxml-5.2.3.jar;C:\Users\Rahul\.m2\repository\org\apache\poi\poi-ooxml-lite\5.2.3\poi-ooxml-lite-5.2.3.jar;C:\Users\Rahul\.m2\repository\org\apache\xmlbeans\xmlbeans\5.1.1\xmlbeans-5.1.1.jar;C:\Users\Rahul\.m2\repository\com\github\virtuald\curvesapi\1.07\curvesapi-1.07.jar;C:\Users\Rahul\.m2\repository\org\apache\commons\commons-compress\1.21\commons-compress-1.21.jar;C:\Users\Rahul\.m2\repository\com\mysql\mysql-connector-j\8.0.32\mysql-connector-j-8.0.32.jar;C:\Users\Rahul\.m2\repository\com\google\protobuf\protobuf-java\3.21.9\protobuf-java-3.21.9.jar;" />
		<property name="java.vm.vendor" value="Oracle Corporation" />
		<property name="sun.arch.data.model" value="64" />
		<property name="user.variant" value="" />
		<property name="java.vendor.url" value="https://java.oracle.com/" />
		<property name="user.timezone" value="Asia/Calcutta" />
		<property name="os.name" value="Windows 11" />
		<property name="java.vm.specification.version" value="22" />
		<property name="sun.java.launcher" value="SUN_STANDARD" />
		<property name="user.country" value="US" />
		<property name="sun.boot.library.path"
			value="C:\Program Files\Java\jdk-22\bin" />
		<property name="sun.java.command"
			value="C:\Users\Rahul\AppData\Local\Temp\surefire13582894571441249043\surefirebooter-20241028151436832_3.jar C:\Users\Rahul\AppData\Local\Temp\surefire13582894571441249043 2024-10-28T15-14-36_619-jvmRun1 surefire-20241028151436832_1tmp surefire_0-20241028151436832_2tmp" />
		<property name="jdk.debug" value="release" />
		<property name="surefire.test.class.path"
			value="C:\Users\Rahul\eclipse-workspace\FileHandlingProject\target\test-classes;C:\Users\Rahul\eclipse-workspace\FileHandlingProject\target\classes;C:\Users\Rahul\.m2\repository\junit\junit\3.8.1\junit-3.8.1.jar;C:\Users\Rahul\.m2\repository\org\apache\poi\poi\5.2.3\poi-5.2.3.jar;C:\Users\Rahul\.m2\repository\commons-codec\commons-codec\1.15\commons-codec-1.15.jar;C:\Users\Rahul\.m2\repository\org\apache\commons\commons-collections4\4.4\commons-collections4-4.4.jar;C:\Users\Rahul\.m2\repository\org\apache\commons\commons-math3\3.6.1\commons-math3-3.6.1.jar;C:\Users\Rahul\.m2\repository\commons-io\commons-io\2.11.0\commons-io-2.11.0.jar;C:\Users\Rahul\.m2\repository\com\zaxxer\SparseBitSet\1.2\SparseBitSet-1.2.jar;C:\Users\Rahul\.m2\repository\org\apache\logging\log4j\log4j-api\2.18.0\log4j-api-2.18.0.jar;C:\Users\Rahul\.m2\repository\org\apache\poi\poi-ooxml\5.2.3\poi-ooxml-5.2.3.jar;C:\Users\Rahul\.m2\repository\org\apache\poi\poi-ooxml-lite\5.2.3\poi-ooxml-lite-5.2.3.jar;C:\Users\Rahul\.m2\repository\org\apache\xmlbeans\xmlbeans\5.1.1\xmlbeans-5.1.1.jar;C:\Users\Rahul\.m2\repository\com\github\virtuald\curvesapi\1.07\curvesapi-1.07.jar;C:\Users\Rahul\.m2\repository\org\apache\commons\commons-compress\1.21\commons-compress-1.21.jar;C:\Users\Rahul\.m2\repository\com\mysql\mysql-connector-j\8.0.32\mysql-connector-j-8.0.32.jar;C:\Users\Rahul\.m2\repository\com\google\protobuf\protobuf-java\3.21.9\protobuf-java-3.21.9.jar;" />
		<property name="sun.cpu.endian" value="little" />
		<property name="user.home" value="C:\Users\Rahul" />
		<property name="user.language" value="en" />
		<property name="java.specification.vendor" value="Oracle Corporation" />
		<property name="java.version.date" value="2024-04-16" />
		<property name="java.home" value="C:\Program Files\Java\jdk-22" />
		<property name="file.separator" value="\" />
		<property name="basedir"
			value="C:\Users\Rahul\eclipse-workspace\FileHandlingProject" />
		<property name="style.color" value="always" />
		<property name="java.vm.compressedOopsMode" value="32-bit" />
		<property name="line.separator" value="&#10;" />
		<property name="java.vm.specification.vendor" value="Oracle Corporation" />
		<property name="java.specification.name"
			value="Java Platform API Specification" />
		<property name="surefire.real.class.path"
			value="C:\Users\Rahul\AppData\Local\Temp\surefire13582894571441249043\surefirebooter-20241028151436832_3.jar" />
		<property name="user.script" value="" />
		<property name="sun.management.compiler"
			value="HotSpot 64-Bit Tiered Compilers" />
		<property name="java.runtime.version" value="22.0.1+8-16" />
		<property name="user.name" value="Rahul" />
		<property name="stdout.encoding" value="Cp1252" />
		<property name="path.separator" value=";" />
		<property name="os.version" value="10.0" />
		<property name="java.runtime.name"
			value="Java(TM) SE Runtime Environment" />
		<property name="file.encoding" value="UTF-8" />
		<property name="java.vm.name" value="Java HotSpot(TM) 64-Bit Server VM" />
		<property name="localRepository" value="C:\Users\Rahul\.m2\repository" />
		<property name="java.vendor.url.bug"
			value="https://bugreport.java.com/bugreport/" />
		<property name="java.io.tmpdir"
			value="C:\Users\Rahul\AppData\Local\Temp\" />
		<property name="java.version" value="22.0.1" />
		<property name="user.dir"
			value="C:\Users\Rahul\eclipse-workspace\FileHandlingProject" />
		<property name="os.arch" value="amd64" />
		<property name="java.vm.specification.name"
			value="Java Virtual Machine Specification" />
		<property name="sun.os.patch.level" value="" />
		<property name="native.encoding" value="Cp1252" />
		<property name="java.library.path"
			value="C:\Program Files\Java\jdk-22\bin;C:\WINDOWS\Sun\Java\bin;C:\WINDOWS\system32;C:\WINDOWS;C:\Python312\Scripts\;C:\Python312\;C:\Program Files\Common Files\Oracle\Java\javapath;C:\Program Files (x86)\VMware\VMware Player\bin\;C:\WINDOWS\system32;C:\WINDOWS;C:\WINDOWS\System32\Wbem;C:\WINDOWS\System32\WindowsPowerShell\v1.0\;C:\WINDOWS\System32\OpenSSH\;C:\xampp\php;C:\ProgramData\chocolatey\bin;C:\Program Files\Java\jdk-21\bin;C:\Program Files\nodejs;C:\Program Files\MySQL\MySQL Server 8.0\bin;C:\Python312\Scripts;C:\Python312;C:\apache-maven-3.9.8-bin\apache-maven-3.9.8\bin;C:\Program Files\Git\cmd;C:\Program Files\nodejs\;C:\Users\Rahul\AppData\Local\Microsoft\WindowsApps;C:\Users\Rahul\AppData\Local\Programs\Microsoft VS Code\bin;C:\Users\Rahul\AppData\Roaming\npm;." />
		<property name="java.vm.info" value="mixed mode, sharing" />
		<property name="stderr.encoding" value="Cp1252" />
		<property name="java.vendor" value="Oracle Corporation" />
		<property name="java.vm.version" value="22.0.1+8-16" />
		<property name="sun.io.unicode.encoding" value="UnicodeLittle" />
		<property name="java.class.version" value="66.0" />
	</properties>
	<testcase name="testApp"
		classname="com.tripillar.filehandling.FileHandlingProject.AppTest"
		time="0.006" />
</testsuite>